[2025-12-04T20:06:27.190+0000] {taskinstance.py:1103} INFO - Dependencies all met for dep_context=non-requeueable deps ti=<TaskInstance: manga_final.final_check manual__2025-12-04T20:06:18.828081+00:00 [queued]>
[2025-12-04T20:06:27.197+0000] {taskinstance.py:1103} INFO - Dependencies all met for dep_context=requeueable deps ti=<TaskInstance: manga_final.final_check manual__2025-12-04T20:06:18.828081+00:00 [queued]>
[2025-12-04T20:06:27.198+0000] {taskinstance.py:1308} INFO - Starting attempt 1 of 1
[2025-12-04T20:06:27.208+0000] {taskinstance.py:1327} INFO - Executing <Task(PythonOperator): final_check> on 2025-12-04 20:06:18.828081+00:00
[2025-12-04T20:06:27.213+0000] {standard_task_runner.py:57} INFO - Started process 206 to run task
[2025-12-04T20:06:27.215+0000] {standard_task_runner.py:84} INFO - Running: ['***', 'tasks', 'run', 'manga_final', 'final_check', 'manual__2025-12-04T20:06:18.828081+00:00', '--job-id', '5', '--raw', '--subdir', 'DAGS_FOLDER/manga_pipeline.py', '--cfg-path', '/tmp/tmph7jtkycp']
[2025-12-04T20:06:27.217+0000] {standard_task_runner.py:85} INFO - Job 5: Subtask final_check
[2025-12-04T20:06:27.230+0000] {logging_mixin.py:150} WARNING - /home/***/.local/lib/python3.7/site-packages/***/settings.py:195 DeprecationWarning: The sql_alchemy_conn option in [core] has been moved to the sql_alchemy_conn option in [database] - the old setting has been used, but please update your config.
[2025-12-04T20:06:27.265+0000] {task_command.py:410} INFO - Running <TaskInstance: manga_final.final_check manual__2025-12-04T20:06:18.828081+00:00 [running]> on host 36f0673e8612
[2025-12-04T20:06:27.331+0000] {taskinstance.py:1547} INFO - Exporting env vars: AIRFLOW_CTX_DAG_OWNER='***' AIRFLOW_CTX_DAG_ID='manga_final' AIRFLOW_CTX_TASK_ID='final_check' AIRFLOW_CTX_EXECUTION_DATE='2025-12-04T20:06:18.828081+00:00' AIRFLOW_CTX_TRY_NUMBER='1' AIRFLOW_CTX_DAG_RUN_ID='manual__2025-12-04T20:06:18.828081+00:00'
[2025-12-04T20:06:27.331+0000] {logging_mixin.py:150} INFO - ============================================================
[2025-12-04T20:06:27.332+0000] {logging_mixin.py:150} INFO - TASK 4: Итоговая проверка
[2025-12-04T20:06:27.332+0000] {logging_mixin.py:150} INFO - ============================================================
[2025-12-04T20:06:27.336+0000] {logging_mixin.py:150} INFO - 📊 Таблица 'manga': 110 записей
[2025-12-04T20:06:27.336+0000] {logging_mixin.py:150} INFO -    ✅ Требование ≥100 записей ВЫПОЛНЕНО
[2025-12-04T20:06:27.336+0000] {logging_mixin.py:150} INFO - ============================================================
[2025-12-04T20:06:27.336+0000] {logging_mixin.py:150} INFO - 🎉 ПАЙПЛАЙН ЗАВЕРШЕН!
[2025-12-04T20:06:27.337+0000] {logging_mixin.py:150} INFO - ============================================================
[2025-12-04T20:06:27.337+0000] {python.py:183} INFO - Done. Returned value was: validation_complete
[2025-12-04T20:06:27.353+0000] {taskinstance.py:1350} INFO - Marking task as SUCCESS. dag_id=manga_final, task_id=final_check, execution_date=20251204T200618, start_date=20251204T200627, end_date=20251204T200627
[2025-12-04T20:06:27.399+0000] {local_task_job_runner.py:225} INFO - Task exited with return code 0
[2025-12-04T20:06:27.412+0000] {taskinstance.py:2653} INFO - 0 downstream tasks scheduled from follow-on schedule check
