[2025-12-04T20:44:14.728+0000] {taskinstance.py:1157} INFO - Dependencies all met for dep_context=non-requeueable deps ti=<TaskInstance: manga_final.check_files manual__2025-12-04T20:44:08.989710+00:00 [queued]>
[2025-12-04T20:44:14.735+0000] {taskinstance.py:1157} INFO - Dependencies all met for dep_context=requeueable deps ti=<TaskInstance: manga_final.check_files manual__2025-12-04T20:44:08.989710+00:00 [queued]>
[2025-12-04T20:44:14.735+0000] {taskinstance.py:1359} INFO - Starting attempt 1 of 1
[2025-12-04T20:44:14.744+0000] {taskinstance.py:1380} INFO - Executing <Task(PythonOperator): check_files> on 2025-12-04 20:44:08.989710+00:00
[2025-12-04T20:44:14.752+0000] {standard_task_runner.py:57} INFO - Started process 188 to run task
[2025-12-04T20:44:14.756+0000] {standard_task_runner.py:84} INFO - Running: ['***', 'tasks', 'run', 'manga_final', 'check_files', 'manual__2025-12-04T20:44:08.989710+00:00', '--job-id', '3', '--raw', '--subdir', 'DAGS_FOLDER/manga_pipeline.py', '--cfg-path', '/tmp/tmpemx5jmqu']
[2025-12-04T20:44:14.759+0000] {standard_task_runner.py:85} INFO - Job 3: Subtask check_files
[2025-12-04T20:44:14.771+0000] {logging_mixin.py:151} WARNING - /home/***/.local/lib/python3.10/site-packages/***/settings.py:195 DeprecationWarning: The sql_alchemy_conn option in [core] has been moved to the sql_alchemy_conn option in [database] - the old setting has been used, but please update your config.
[2025-12-04T20:44:14.798+0000] {task_command.py:415} INFO - Running <TaskInstance: manga_final.check_files manual__2025-12-04T20:44:08.989710+00:00 [running]> on host 7d57a862b764
[2025-12-04T20:44:14.866+0000] {taskinstance.py:1660} INFO - Exporting env vars: AIRFLOW_CTX_DAG_OWNER='***' AIRFLOW_CTX_DAG_ID='manga_final' AIRFLOW_CTX_TASK_ID='check_files' AIRFLOW_CTX_EXECUTION_DATE='2025-12-04T20:44:08.989710+00:00' AIRFLOW_CTX_TRY_NUMBER='1' AIRFLOW_CTX_DAG_RUN_ID='manual__2025-12-04T20:44:08.989710+00:00'
[2025-12-04T20:44:14.868+0000] {logging_mixin.py:151} INFO - ============================================================
[2025-12-04T20:44:14.868+0000] {logging_mixin.py:151} INFO - TASK 2: Проверка файлов проекта
[2025-12-04T20:44:14.868+0000] {logging_mixin.py:151} INFO - ============================================================
[2025-12-04T20:44:14.868+0000] {logging_mixin.py:151} INFO - ✅ scraper.py: 7650 байт
[2025-12-04T20:44:14.869+0000] {logging_mixin.py:151} INFO - ✅ cleaner.py: 4531 байт
[2025-12-04T20:44:14.869+0000] {logging_mixin.py:151} INFO - ✅ loader.py: 1781 байт
[2025-12-04T20:44:14.869+0000] {python.py:194} INFO - Done. Returned value was: files_checked
[2025-12-04T20:44:14.888+0000] {taskinstance.py:1398} INFO - Marking task as SUCCESS. dag_id=manga_final, task_id=check_files, execution_date=20251204T204408, start_date=20251204T204414, end_date=20251204T204414
[2025-12-04T20:44:14.900+0000] {local_task_job_runner.py:228} INFO - Task exited with return code 0
[2025-12-04T20:44:14.919+0000] {taskinstance.py:2776} INFO - 1 downstream tasks scheduled from follow-on schedule check
