[2025-12-04T20:44:18.527+0000] {taskinstance.py:1157} INFO - Dependencies all met for dep_context=non-requeueable deps ti=<TaskInstance: manga_final.final_check manual__2025-12-04T20:44:08.989710+00:00 [queued]>
[2025-12-04T20:44:18.533+0000] {taskinstance.py:1157} INFO - Dependencies all met for dep_context=requeueable deps ti=<TaskInstance: manga_final.final_check manual__2025-12-04T20:44:08.989710+00:00 [queued]>
[2025-12-04T20:44:18.533+0000] {taskinstance.py:1359} INFO - Starting attempt 1 of 1
[2025-12-04T20:44:18.542+0000] {taskinstance.py:1380} INFO - Executing <Task(PythonOperator): final_check> on 2025-12-04 20:44:08.989710+00:00
[2025-12-04T20:44:18.545+0000] {standard_task_runner.py:57} INFO - Started process 206 to run task
[2025-12-04T20:44:18.548+0000] {standard_task_runner.py:84} INFO - Running: ['***', 'tasks', 'run', 'manga_final', 'final_check', 'manual__2025-12-04T20:44:08.989710+00:00', '--job-id', '5', '--raw', '--subdir', 'DAGS_FOLDER/manga_pipeline.py', '--cfg-path', '/tmp/tmpm76vrqtp']
[2025-12-04T20:44:18.551+0000] {standard_task_runner.py:85} INFO - Job 5: Subtask final_check
[2025-12-04T20:44:18.564+0000] {logging_mixin.py:151} WARNING - /home/***/.local/lib/python3.10/site-packages/***/settings.py:195 DeprecationWarning: The sql_alchemy_conn option in [core] has been moved to the sql_alchemy_conn option in [database] - the old setting has been used, but please update your config.
[2025-12-04T20:44:18.590+0000] {task_command.py:415} INFO - Running <TaskInstance: manga_final.final_check manual__2025-12-04T20:44:08.989710+00:00 [running]> on host 7d57a862b764
[2025-12-04T20:44:18.649+0000] {taskinstance.py:1660} INFO - Exporting env vars: AIRFLOW_CTX_DAG_OWNER='***' AIRFLOW_CTX_DAG_ID='manga_final' AIRFLOW_CTX_TASK_ID='final_check' AIRFLOW_CTX_EXECUTION_DATE='2025-12-04T20:44:08.989710+00:00' AIRFLOW_CTX_TRY_NUMBER='1' AIRFLOW_CTX_DAG_RUN_ID='manual__2025-12-04T20:44:08.989710+00:00'
[2025-12-04T20:44:18.650+0000] {logging_mixin.py:151} INFO - ============================================================
[2025-12-04T20:44:18.650+0000] {logging_mixin.py:151} INFO - TASK 4: Итоговая проверка
[2025-12-04T20:44:18.650+0000] {logging_mixin.py:151} INFO - ============================================================
[2025-12-04T20:44:18.654+0000] {logging_mixin.py:151} INFO - 📊 Таблица 'manga': 110 записей
[2025-12-04T20:44:18.654+0000] {logging_mixin.py:151} INFO -    ✅ Требование ≥100 записей ВЫПОЛНЕНО
[2025-12-04T20:44:18.654+0000] {logging_mixin.py:151} INFO - ============================================================
[2025-12-04T20:44:18.654+0000] {logging_mixin.py:151} INFO - 🎉 ПАЙПЛАЙН ЗАВЕРШЕН!
[2025-12-04T20:44:18.655+0000] {logging_mixin.py:151} INFO - ============================================================
[2025-12-04T20:44:18.655+0000] {python.py:194} INFO - Done. Returned value was: validation_complete
[2025-12-04T20:44:18.670+0000] {taskinstance.py:1398} INFO - Marking task as SUCCESS. dag_id=manga_final, task_id=final_check, execution_date=20251204T204408, start_date=20251204T204418, end_date=20251204T204418
[2025-12-04T20:44:18.688+0000] {local_task_job_runner.py:228} INFO - Task exited with return code 0
[2025-12-04T20:44:18.699+0000] {taskinstance.py:2776} INFO - 0 downstream tasks scheduled from follow-on schedule check
