[2025-12-04T20:30:58.002+0000] {taskinstance.py:1103} INFO - Dependencies all met for dep_context=non-requeueable deps ti=<TaskInstance: manga_final.run_pipeline manual__2025-12-04T20:30:52.755696+00:00 [queued]>
[2025-12-04T20:30:58.009+0000] {taskinstance.py:1103} INFO - Dependencies all met for dep_context=requeueable deps ti=<TaskInstance: manga_final.run_pipeline manual__2025-12-04T20:30:52.755696+00:00 [queued]>
[2025-12-04T20:30:58.010+0000] {taskinstance.py:1308} INFO - Starting attempt 1 of 1
[2025-12-04T20:30:58.021+0000] {taskinstance.py:1327} INFO - Executing <Task(PythonOperator): run_pipeline> on 2025-12-04 20:30:52.755696+00:00
[2025-12-04T20:30:58.027+0000] {standard_task_runner.py:57} INFO - Started process 203 to run task
[2025-12-04T20:30:58.029+0000] {standard_task_runner.py:84} INFO - Running: ['***', 'tasks', 'run', 'manga_final', 'run_pipeline', 'manual__2025-12-04T20:30:52.755696+00:00', '--job-id', '4', '--raw', '--subdir', 'DAGS_FOLDER/manga_pipeline.py', '--cfg-path', '/tmp/tmpfbcryoa7']
[2025-12-04T20:30:58.031+0000] {standard_task_runner.py:85} INFO - Job 4: Subtask run_pipeline
[2025-12-04T20:30:58.042+0000] {logging_mixin.py:150} WARNING - /home/***/.local/lib/python3.7/site-packages/***/settings.py:195 DeprecationWarning: The sql_alchemy_conn option in [core] has been moved to the sql_alchemy_conn option in [database] - the old setting has been used, but please update your config.
[2025-12-04T20:30:58.077+0000] {task_command.py:410} INFO - Running <TaskInstance: manga_final.run_pipeline manual__2025-12-04T20:30:52.755696+00:00 [running]> on host 9b394514cb76
[2025-12-04T20:30:58.140+0000] {taskinstance.py:1547} INFO - Exporting env vars: AIRFLOW_CTX_DAG_OWNER='***' AIRFLOW_CTX_DAG_ID='manga_final' AIRFLOW_CTX_TASK_ID='run_pipeline' AIRFLOW_CTX_EXECUTION_DATE='2025-12-04T20:30:52.755696+00:00' AIRFLOW_CTX_TRY_NUMBER='1' AIRFLOW_CTX_DAG_RUN_ID='manual__2025-12-04T20:30:52.755696+00:00'
[2025-12-04T20:30:58.140+0000] {logging_mixin.py:150} INFO - ============================================================
[2025-12-04T20:30:58.141+0000] {logging_mixin.py:150} INFO - TASK 3: Запуск пайплайна
[2025-12-04T20:30:58.141+0000] {logging_mixin.py:150} INFO - ============================================================
[2025-12-04T20:30:58.141+0000] {logging_mixin.py:150} INFO - ▶️  Скрапинг...
[2025-12-04T20:30:58.232+0000] {logging_mixin.py:150} INFO - ▶️  Очистка...
[2025-12-04T20:30:59.841+0000] {logging_mixin.py:150} INFO - ▶️  Загрузка в БД...
[2025-12-04T20:30:59.985+0000] {python.py:183} INFO - Done. Returned value was: pipeline_executed
[2025-12-04T20:31:00.024+0000] {taskinstance.py:1350} INFO - Marking task as SUCCESS. dag_id=manga_final, task_id=run_pipeline, execution_date=20251204T203052, start_date=20251204T203058, end_date=20251204T203100
[2025-12-04T20:31:00.057+0000] {local_task_job_runner.py:225} INFO - Task exited with return code 0
[2025-12-04T20:31:00.098+0000] {taskinstance.py:2653} INFO - 1 downstream tasks scheduled from follow-on schedule check
