[2025-12-04T20:44:15.501+0000] {taskinstance.py:1157} INFO - Dependencies all met for dep_context=non-requeueable deps ti=<TaskInstance: manga_final.run_pipeline manual__2025-12-04T20:44:08.989710+00:00 [queued]>
[2025-12-04T20:44:15.506+0000] {taskinstance.py:1157} INFO - Dependencies all met for dep_context=requeueable deps ti=<TaskInstance: manga_final.run_pipeline manual__2025-12-04T20:44:08.989710+00:00 [queued]>
[2025-12-04T20:44:15.507+0000] {taskinstance.py:1359} INFO - Starting attempt 1 of 1
[2025-12-04T20:44:15.514+0000] {taskinstance.py:1380} INFO - Executing <Task(PythonOperator): run_pipeline> on 2025-12-04 20:44:08.989710+00:00
[2025-12-04T20:44:15.517+0000] {standard_task_runner.py:57} INFO - Started process 190 to run task
[2025-12-04T20:44:15.520+0000] {standard_task_runner.py:84} INFO - Running: ['***', 'tasks', 'run', 'manga_final', 'run_pipeline', 'manual__2025-12-04T20:44:08.989710+00:00', '--job-id', '4', '--raw', '--subdir', 'DAGS_FOLDER/manga_pipeline.py', '--cfg-path', '/tmp/tmpjlvikwv2']
[2025-12-04T20:44:15.523+0000] {standard_task_runner.py:85} INFO - Job 4: Subtask run_pipeline
[2025-12-04T20:44:15.533+0000] {logging_mixin.py:151} WARNING - /home/***/.local/lib/python3.10/site-packages/***/settings.py:195 DeprecationWarning: The sql_alchemy_conn option in [core] has been moved to the sql_alchemy_conn option in [database] - the old setting has been used, but please update your config.
[2025-12-04T20:44:15.566+0000] {task_command.py:415} INFO - Running <TaskInstance: manga_final.run_pipeline manual__2025-12-04T20:44:08.989710+00:00 [running]> on host 7d57a862b764
[2025-12-04T20:44:15.626+0000] {taskinstance.py:1660} INFO - Exporting env vars: AIRFLOW_CTX_DAG_OWNER='***' AIRFLOW_CTX_DAG_ID='manga_final' AIRFLOW_CTX_TASK_ID='run_pipeline' AIRFLOW_CTX_EXECUTION_DATE='2025-12-04T20:44:08.989710+00:00' AIRFLOW_CTX_TRY_NUMBER='1' AIRFLOW_CTX_DAG_RUN_ID='manual__2025-12-04T20:44:08.989710+00:00'
[2025-12-04T20:44:15.627+0000] {logging_mixin.py:151} INFO - ============================================================
[2025-12-04T20:44:15.627+0000] {logging_mixin.py:151} INFO - TASK 3: Запуск пайплайна
[2025-12-04T20:44:15.628+0000] {logging_mixin.py:151} INFO - ============================================================
[2025-12-04T20:44:15.628+0000] {logging_mixin.py:151} INFO - ▶️  Скрапинг...
[2025-12-04T20:44:15.736+0000] {logging_mixin.py:151} INFO - ▶️  Очистка...
[2025-12-04T20:44:17.550+0000] {logging_mixin.py:151} INFO - ▶️  Загрузка в БД...
[2025-12-04T20:44:17.717+0000] {python.py:194} INFO - Done. Returned value was: pipeline_executed
[2025-12-04T20:44:17.771+0000] {taskinstance.py:1398} INFO - Marking task as SUCCESS. dag_id=manga_final, task_id=run_pipeline, execution_date=20251204T204408, start_date=20251204T204415, end_date=20251204T204417
[2025-12-04T20:44:17.823+0000] {local_task_job_runner.py:228} INFO - Task exited with return code 0
[2025-12-04T20:44:17.863+0000] {taskinstance.py:2776} INFO - 1 downstream tasks scheduled from follow-on schedule check
