[2025-12-04T19:57:56.961+0000] {manager.py:487} INFO - Processing files using up to 2 processes at a time 
[2025-12-04T19:57:56.961+0000] {manager.py:488} INFO - Process each file at most once every 30 seconds
[2025-12-04T19:57:56.962+0000] {manager.py:490} INFO - Checking for new files in /opt/airflow/dags every 300 seconds
[2025-12-04T19:57:56.962+0000] {manager.py:758} INFO - Searching for files in /opt/airflow/dags
[2025-12-04T19:57:56.967+0000] {manager.py:761} INFO - There are 1 files in /opt/airflow/dags
[2025-12-04T19:57:57.548+0000] {manager.py:889} INFO - 
================================================================================
DAG File Processing Stats

File Path                              PID  Runtime      # DAGs    # Errors  Last Runtime    Last Run
-----------------------------------  -----  ---------  --------  ----------  --------------  ----------
/opt/airflow/dags/manga_pipeline.py    162  0.48s             0           0
================================================================================
[2025-12-04T19:58:27.885+0000] {manager.py:889} INFO - 
================================================================================
DAG File Processing Stats

File Path                            PID    Runtime      # DAGs    # Errors  Last Runtime    Last Run
-----------------------------------  -----  ---------  --------  ----------  --------------  -------------------
/opt/airflow/dags/manga_pipeline.py                           1           0  0.90s           2025-12-04T19:57:57
================================================================================
[2025-12-04T19:58:58.584+0000] {manager.py:889} INFO - 
================================================================================
DAG File Processing Stats

File Path                              PID  Runtime      # DAGs    # Errors  Last Runtime    Last Run
-----------------------------------  -----  ---------  --------  ----------  --------------  -------------------
/opt/airflow/dags/manga_pipeline.py    173  0.02s             1           0  0.30s           2025-12-04T19:58:28
================================================================================
[2025-12-04T19:59:29.171+0000] {manager.py:889} INFO - 
================================================================================
DAG File Processing Stats

File Path                              PID  Runtime      # DAGs    # Errors  Last Runtime    Last Run
-----------------------------------  -----  ---------  --------  ----------  --------------  -------------------
/opt/airflow/dags/manga_pipeline.py    178  0.05s             1           0  0.17s           2025-12-04T19:58:58
================================================================================
[2025-12-04T19:59:30.856+0000] {manager.py:470} INFO - Exiting gracefully upon receiving signal 15
[2025-12-04T20:04:31.273+0000] {manager.py:487} INFO - Processing files using up to 2 processes at a time 
[2025-12-04T20:04:31.274+0000] {manager.py:488} INFO - Process each file at most once every 30 seconds
[2025-12-04T20:04:31.274+0000] {manager.py:490} INFO - Checking for new files in /opt/airflow/dags every 300 seconds
[2025-12-04T20:04:31.275+0000] {manager.py:758} INFO - Searching for files in /opt/airflow/dags
[2025-12-04T20:04:31.279+0000] {manager.py:761} INFO - There are 1 files in /opt/airflow/dags
[2025-12-04T20:04:31.651+0000] {manager.py:889} INFO - 
================================================================================
DAG File Processing Stats

File Path                              PID  Runtime      # DAGs    # Errors  Last Runtime    Last Run
-----------------------------------  -----  ---------  --------  ----------  --------------  ----------
/opt/airflow/dags/manga_pipeline.py    162  0.31s             0           0
================================================================================
[2025-12-04T20:05:02.166+0000] {manager.py:889} INFO - 
================================================================================
DAG File Processing Stats

File Path                              PID  Runtime      # DAGs    # Errors  Last Runtime    Last Run
-----------------------------------  -----  ---------  --------  ----------  --------------  -------------------
/opt/airflow/dags/manga_pipeline.py    168  0.03s             1           0  0.42s           2025-12-04T20:04:31
================================================================================
[2025-12-04T20:05:32.697+0000] {manager.py:889} INFO - 
================================================================================
DAG File Processing Stats

File Path                              PID  Runtime      # DAGs    # Errors  Last Runtime    Last Run
-----------------------------------  -----  ---------  --------  ----------  --------------  -------------------
/opt/airflow/dags/manga_pipeline.py    173  0.02s             1           0  0.29s           2025-12-04T20:05:02
================================================================================
[2025-12-04T20:06:03.109+0000] {manager.py:889} INFO - 
================================================================================
DAG File Processing Stats

File Path                              PID  Runtime      # DAGs    # Errors  Last Runtime    Last Run
-----------------------------------  -----  ---------  --------  ----------  --------------  -------------------
/opt/airflow/dags/manga_pipeline.py    178  0.01s             1           0  0.27s           2025-12-04T20:05:32
================================================================================
[2025-12-04T20:06:33.529+0000] {manager.py:889} INFO - 
================================================================================
DAG File Processing Stats

File Path                              PID  Runtime      # DAGs    # Errors  Last Runtime    Last Run
-----------------------------------  -----  ---------  --------  ----------  --------------  -------------------
/opt/airflow/dags/manga_pipeline.py    207  0.01s             1           0  0.16s           2025-12-04T20:06:03
================================================================================
[2025-12-04T20:07:03.950+0000] {manager.py:889} INFO - 
================================================================================
DAG File Processing Stats

File Path                              PID  Runtime      # DAGs    # Errors  Last Runtime    Last Run
-----------------------------------  -----  ---------  --------  ----------  --------------  -------------------
/opt/airflow/dags/manga_pipeline.py    212  0.01s             1           0  0.15s           2025-12-04T20:06:33
================================================================================
[2025-12-04T20:07:34.521+0000] {manager.py:889} INFO - 
================================================================================
DAG File Processing Stats

File Path                              PID  Runtime      # DAGs    # Errors  Last Runtime    Last Run
-----------------------------------  -----  ---------  --------  ----------  --------------  -------------------
/opt/airflow/dags/manga_pipeline.py    217  0.02s             1           0  0.15s           2025-12-04T20:07:04
================================================================================
[2025-12-04T20:08:04.889+0000] {manager.py:889} INFO - 
================================================================================
DAG File Processing Stats

File Path                              PID  Runtime      # DAGs    # Errors  Last Runtime    Last Run
-----------------------------------  -----  ---------  --------  ----------  --------------  -------------------
/opt/airflow/dags/manga_pipeline.py    222  0.01s             1           0  0.20s           2025-12-04T20:07:34
================================================================================
[2025-12-04T20:08:35.490+0000] {manager.py:889} INFO - 
================================================================================
DAG File Processing Stats

File Path                              PID  Runtime      # DAGs    # Errors  Last Runtime    Last Run
-----------------------------------  -----  ---------  --------  ----------  --------------  -------------------
/opt/airflow/dags/manga_pipeline.py    227  0.01s             1           0  0.16s           2025-12-04T20:08:05
================================================================================
[2025-12-04T20:09:05.880+0000] {manager.py:889} INFO - 
================================================================================
DAG File Processing Stats

File Path                              PID  Runtime      # DAGs    # Errors  Last Runtime    Last Run
-----------------------------------  -----  ---------  --------  ----------  --------------  -------------------
/opt/airflow/dags/manga_pipeline.py    232  0.01s             1           0  0.21s           2025-12-04T20:08:35
================================================================================
[2025-12-04T20:09:31.491+0000] {manager.py:758} INFO - Searching for files in /opt/airflow/dags
[2025-12-04T20:09:31.543+0000] {manager.py:761} INFO - There are 1 files in /opt/airflow/dags
[2025-12-04T20:09:36.660+0000] {manager.py:889} INFO - 
================================================================================
DAG File Processing Stats

File Path                              PID  Runtime      # DAGs    # Errors  Last Runtime    Last Run
-----------------------------------  -----  ---------  --------  ----------  --------------  -------------------
/opt/airflow/dags/manga_pipeline.py    237  0.02s             1           0  0.15s           2025-12-04T20:09:06
================================================================================
[2025-12-04T20:10:07.134+0000] {manager.py:889} INFO - 
================================================================================
DAG File Processing Stats

File Path                              PID  Runtime      # DAGs    # Errors  Last Runtime    Last Run
-----------------------------------  -----  ---------  --------  ----------  --------------  -------------------
/opt/airflow/dags/manga_pipeline.py    242  0.01s             1           0  0.18s           2025-12-04T20:09:36
================================================================================
[2025-12-04T20:10:37.742+0000] {manager.py:889} INFO - 
================================================================================
DAG File Processing Stats

File Path                              PID  Runtime      # DAGs    # Errors  Last Runtime    Last Run
-----------------------------------  -----  ---------  --------  ----------  --------------  -------------------
/opt/airflow/dags/manga_pipeline.py    247  0.01s             1           0  0.14s           2025-12-04T20:10:07
================================================================================
[2025-12-04T20:11:08.560+0000] {manager.py:889} INFO - 
================================================================================
DAG File Processing Stats

File Path                              PID  Runtime      # DAGs    # Errors  Last Runtime    Last Run
-----------------------------------  -----  ---------  --------  ----------  --------------  -------------------
/opt/airflow/dags/manga_pipeline.py    252  0.01s             1           0  0.19s           2025-12-04T20:10:37
================================================================================
[2025-12-04T20:11:39.261+0000] {manager.py:889} INFO - 
================================================================================
DAG File Processing Stats

File Path                              PID  Runtime      # DAGs    # Errors  Last Runtime    Last Run
-----------------------------------  -----  ---------  --------  ----------  --------------  -------------------
/opt/airflow/dags/manga_pipeline.py    257  0.01s             1           0  0.18s           2025-12-04T20:11:08
================================================================================
[2025-12-04T20:12:09.619+0000] {manager.py:889} INFO - 
================================================================================
DAG File Processing Stats

File Path                              PID  Runtime      # DAGs    # Errors  Last Runtime    Last Run
-----------------------------------  -----  ---------  --------  ----------  --------------  -------------------
/opt/airflow/dags/manga_pipeline.py    262  0.01s             1           0  0.16s           2025-12-04T20:11:39
================================================================================
[2025-12-04T20:12:40.579+0000] {manager.py:889} INFO - 
================================================================================
DAG File Processing Stats

File Path                              PID  Runtime      # DAGs    # Errors  Last Runtime    Last Run
-----------------------------------  -----  ---------  --------  ----------  --------------  -------------------
/opt/airflow/dags/manga_pipeline.py    267  0.01s             1           0  0.15s           2025-12-04T20:12:09
================================================================================
[2025-12-04T20:13:10.975+0000] {manager.py:889} INFO - 
================================================================================
DAG File Processing Stats

File Path                              PID  Runtime      # DAGs    # Errors  Last Runtime    Last Run
-----------------------------------  -----  ---------  --------  ----------  --------------  -------------------
/opt/airflow/dags/manga_pipeline.py    272  0.01s             1           0  0.23s           2025-12-04T20:12:40
================================================================================
[2025-12-04T20:13:41.589+0000] {manager.py:889} INFO - 
================================================================================
DAG File Processing Stats

File Path                              PID  Runtime      # DAGs    # Errors  Last Runtime    Last Run
-----------------------------------  -----  ---------  --------  ----------  --------------  -------------------
/opt/airflow/dags/manga_pipeline.py    277  0.02s             1           0  0.17s           2025-12-04T20:13:11
================================================================================
[2025-12-04T20:14:12.037+0000] {manager.py:889} INFO - 
================================================================================
DAG File Processing Stats

File Path                              PID  Runtime      # DAGs    # Errors  Last Runtime    Last Run
-----------------------------------  -----  ---------  --------  ----------  --------------  -------------------
/opt/airflow/dags/manga_pipeline.py    282  0.01s             1           0  0.21s           2025-12-04T20:13:41
================================================================================
[2025-12-04T20:14:32.278+0000] {manager.py:758} INFO - Searching for files in /opt/airflow/dags
[2025-12-04T20:14:32.291+0000] {manager.py:761} INFO - There are 1 files in /opt/airflow/dags
[2025-12-04T20:14:42.449+0000] {manager.py:889} INFO - 
================================================================================
DAG File Processing Stats

File Path                              PID  Runtime      # DAGs    # Errors  Last Runtime    Last Run
-----------------------------------  -----  ---------  --------  ----------  --------------  -------------------
/opt/airflow/dags/manga_pipeline.py    287  0.01s             1           0  0.17s           2025-12-04T20:14:12
================================================================================
[2025-12-04T20:15:12.914+0000] {manager.py:889} INFO - 
================================================================================
DAG File Processing Stats

File Path                              PID  Runtime      # DAGs    # Errors  Last Runtime    Last Run
-----------------------------------  -----  ---------  --------  ----------  --------------  -------------------
/opt/airflow/dags/manga_pipeline.py    292  0.01s             1           0  0.15s           2025-12-04T20:14:42
================================================================================
[2025-12-04T20:15:43.611+0000] {manager.py:889} INFO - 
================================================================================
DAG File Processing Stats

File Path                              PID  Runtime      # DAGs    # Errors  Last Runtime    Last Run
-----------------------------------  -----  ---------  --------  ----------  --------------  -------------------
/opt/airflow/dags/manga_pipeline.py    297  0.01s             1           0  0.16s           2025-12-04T20:15:13
================================================================================
[2025-12-04T20:16:13.972+0000] {manager.py:889} INFO - 
================================================================================
DAG File Processing Stats

File Path                            PID    Runtime      # DAGs    # Errors  Last Runtime    Last Run
-----------------------------------  -----  ---------  --------  ----------  --------------  -------------------
/opt/airflow/dags/manga_pipeline.py                           1           0  0.60s           2025-12-04T20:15:44
================================================================================
[2025-12-04T20:16:43.992+0000] {manager.py:889} INFO - 
================================================================================
DAG File Processing Stats

File Path                            PID    Runtime      # DAGs    # Errors  Last Runtime    Last Run
-----------------------------------  -----  ---------  --------  ----------  --------------  -------------------
/opt/airflow/dags/manga_pipeline.py                           1           0  0.18s           2025-12-04T20:16:14
================================================================================
[2025-12-04T20:17:14.553+0000] {manager.py:889} INFO - 
================================================================================
DAG File Processing Stats

File Path                            PID    Runtime      # DAGs    # Errors  Last Runtime    Last Run
-----------------------------------  -----  ---------  --------  ----------  --------------  -------------------
/opt/airflow/dags/manga_pipeline.py                           1           0  0.17s           2025-12-04T20:16:45
================================================================================
[2025-12-04T20:17:45.109+0000] {manager.py:889} INFO - 
================================================================================
DAG File Processing Stats

File Path                            PID    Runtime      # DAGs    # Errors  Last Runtime    Last Run
-----------------------------------  -----  ---------  --------  ----------  --------------  -------------------
/opt/airflow/dags/manga_pipeline.py                           1           0  0.46s           2025-12-04T20:17:16
================================================================================
[2025-12-04T20:18:15.362+0000] {manager.py:889} INFO - 
================================================================================
DAG File Processing Stats

File Path                            PID    Runtime      # DAGs    # Errors  Last Runtime    Last Run
-----------------------------------  -----  ---------  --------  ----------  --------------  -------------------
/opt/airflow/dags/manga_pipeline.py                           1           0  0.18s           2025-12-04T20:17:46
================================================================================
[2025-12-04T20:18:45.614+0000] {manager.py:889} INFO - 
================================================================================
DAG File Processing Stats

File Path                            PID    Runtime      # DAGs    # Errors  Last Runtime    Last Run
-----------------------------------  -----  ---------  --------  ----------  --------------  -------------------
/opt/airflow/dags/manga_pipeline.py                           1           0  0.15s           2025-12-04T20:18:16
================================================================================
[2025-12-04T20:19:15.948+0000] {manager.py:889} INFO - 
================================================================================
DAG File Processing Stats

File Path                            PID    Runtime      # DAGs    # Errors  Last Runtime    Last Run
-----------------------------------  -----  ---------  --------  ----------  --------------  -------------------
/opt/airflow/dags/manga_pipeline.py                           1           0  0.18s           2025-12-04T20:18:46
================================================================================
[2025-12-04T20:19:32.292+0000] {manager.py:758} INFO - Searching for files in /opt/airflow/dags
[2025-12-04T20:19:32.308+0000] {manager.py:761} INFO - There are 1 files in /opt/airflow/dags
[2025-12-04T20:19:46.367+0000] {manager.py:889} INFO - 
================================================================================
DAG File Processing Stats

File Path                            PID    Runtime      # DAGs    # Errors  Last Runtime    Last Run
-----------------------------------  -----  ---------  --------  ----------  --------------  -------------------
/opt/airflow/dags/manga_pipeline.py                           1           0  0.20s           2025-12-04T20:19:17
================================================================================
[2025-12-04T20:20:16.900+0000] {manager.py:889} INFO - 
================================================================================
DAG File Processing Stats

File Path                            PID    Runtime      # DAGs    # Errors  Last Runtime    Last Run
-----------------------------------  -----  ---------  --------  ----------  --------------  -------------------
/opt/airflow/dags/manga_pipeline.py                           1           0  0.16s           2025-12-04T20:19:47
================================================================================
[2025-12-04T20:20:47.193+0000] {manager.py:889} INFO - 
================================================================================
DAG File Processing Stats

File Path                            PID    Runtime      # DAGs    # Errors  Last Runtime    Last Run
-----------------------------------  -----  ---------  --------  ----------  --------------  -------------------
/opt/airflow/dags/manga_pipeline.py                           1           0  0.18s           2025-12-04T20:20:18
================================================================================
[2025-12-04T20:21:17.909+0000] {manager.py:889} INFO - 
================================================================================
DAG File Processing Stats

File Path                            PID    Runtime      # DAGs    # Errors  Last Runtime    Last Run
-----------------------------------  -----  ---------  --------  ----------  --------------  -------------------
/opt/airflow/dags/manga_pipeline.py                           1           0  0.18s           2025-12-04T20:20:48
================================================================================
[2025-12-04T20:21:47.934+0000] {manager.py:889} INFO - 
================================================================================
DAG File Processing Stats

File Path                            PID    Runtime      # DAGs    # Errors  Last Runtime    Last Run
-----------------------------------  -----  ---------  --------  ----------  --------------  -------------------
/opt/airflow/dags/manga_pipeline.py                           1           0  0.22s           2025-12-04T20:21:19
================================================================================
[2025-12-04T20:22:18.924+0000] {manager.py:889} INFO - 
================================================================================
DAG File Processing Stats

File Path                            PID    Runtime      # DAGs    # Errors  Last Runtime    Last Run
-----------------------------------  -----  ---------  --------  ----------  --------------  -------------------
/opt/airflow/dags/manga_pipeline.py                           1           0  0.19s           2025-12-04T20:21:50
================================================================================
[2025-12-04T20:22:40.352+0000] {manager.py:470} INFO - Exiting gracefully upon receiving signal 15
[2025-12-04T20:27:43.219+0000] {manager.py:487} INFO - Processing files using up to 2 processes at a time 
[2025-12-04T20:27:43.220+0000] {manager.py:488} INFO - Process each file at most once every 30 seconds
[2025-12-04T20:27:43.220+0000] {manager.py:490} INFO - Checking for new files in /opt/airflow/dags every 300 seconds
[2025-12-04T20:27:43.220+0000] {manager.py:758} INFO - Searching for files in /opt/airflow/dags
[2025-12-04T20:27:43.225+0000] {manager.py:761} INFO - There are 1 files in /opt/airflow/dags
[2025-12-04T20:27:43.635+0000] {manager.py:889} INFO - 
================================================================================
DAG File Processing Stats

File Path                              PID  Runtime      # DAGs    # Errors  Last Runtime    Last Run
-----------------------------------  -----  ---------  --------  ----------  --------------  ----------
/opt/airflow/dags/manga_pipeline.py    162  0.34s             0           0
================================================================================
[2025-12-04T20:28:13.911+0000] {manager.py:889} INFO - 
================================================================================
DAG File Processing Stats

File Path                            PID    Runtime      # DAGs    # Errors  Last Runtime    Last Run
-----------------------------------  -----  ---------  --------  ----------  --------------  -------------------
/opt/airflow/dags/manga_pipeline.py                           1           0  0.74s           2025-12-04T20:27:44
================================================================================
[2025-12-04T20:28:44.879+0000] {manager.py:889} INFO - 
================================================================================
DAG File Processing Stats

File Path                              PID  Runtime      # DAGs    # Errors  Last Runtime    Last Run
-----------------------------------  -----  ---------  --------  ----------  --------------  -------------------
/opt/airflow/dags/manga_pipeline.py    173  0.03s             1           0  0.22s           2025-12-04T20:28:14
================================================================================
[2025-12-04T20:29:15.302+0000] {manager.py:889} INFO - 
================================================================================
DAG File Processing Stats

File Path                              PID  Runtime      # DAGs    # Errors  Last Runtime    Last Run
-----------------------------------  -----  ---------  --------  ----------  --------------  -------------------
/opt/airflow/dags/manga_pipeline.py    178  0.01s             1           0  0.34s           2025-12-04T20:28:45
================================================================================
[2025-12-04T20:29:45.717+0000] {manager.py:889} INFO - 
================================================================================
DAG File Processing Stats

File Path                              PID  Runtime      # DAGs    # Errors  Last Runtime    Last Run
-----------------------------------  -----  ---------  --------  ----------  --------------  -------------------
/opt/airflow/dags/manga_pipeline.py    183  0.02s             1           0  0.18s           2025-12-04T20:29:15
================================================================================
[2025-12-04T20:30:16.174+0000] {manager.py:889} INFO - 
================================================================================
DAG File Processing Stats

File Path                              PID  Runtime      # DAGs    # Errors  Last Runtime    Last Run
-----------------------------------  -----  ---------  --------  ----------  --------------  -------------------
/opt/airflow/dags/manga_pipeline.py    188  0.02s             1           0  0.22s           2025-12-04T20:29:45
================================================================================
[2025-12-04T20:30:46.637+0000] {manager.py:889} INFO - 
================================================================================
DAG File Processing Stats

File Path                              PID  Runtime      # DAGs    # Errors  Last Runtime    Last Run
-----------------------------------  -----  ---------  --------  ----------  --------------  -------------------
/opt/airflow/dags/manga_pipeline.py    193  0.05s             1           0  0.26s           2025-12-04T20:30:16
================================================================================
[2025-12-04T20:31:17.028+0000] {manager.py:889} INFO - 
================================================================================
DAG File Processing Stats

File Path                              PID  Runtime      # DAGs    # Errors  Last Runtime    Last Run
-----------------------------------  -----  ---------  --------  ----------  --------------  -------------------
/opt/airflow/dags/manga_pipeline.py    222  0.02s             1           0  0.34s           2025-12-04T20:30:46
================================================================================
[2025-12-04T20:31:47.600+0000] {manager.py:889} INFO - 
================================================================================
DAG File Processing Stats

File Path                              PID  Runtime      # DAGs    # Errors  Last Runtime    Last Run
-----------------------------------  -----  ---------  --------  ----------  --------------  -------------------
/opt/airflow/dags/manga_pipeline.py    227  0.05s             1           0  0.17s           2025-12-04T20:31:17
================================================================================
[2025-12-04T20:32:17.994+0000] {manager.py:889} INFO - 
================================================================================
DAG File Processing Stats

File Path                              PID  Runtime      # DAGs    # Errors  Last Runtime    Last Run
-----------------------------------  -----  ---------  --------  ----------  --------------  -------------------
/opt/airflow/dags/manga_pipeline.py    232  0.02s             1           0  0.32s           2025-12-04T20:31:47
================================================================================
[2025-12-04T20:32:43.917+0000] {manager.py:758} INFO - Searching for files in /opt/airflow/dags
[2025-12-04T20:32:43.954+0000] {manager.py:761} INFO - There are 1 files in /opt/airflow/dags
[2025-12-04T20:32:48.248+0000] {manager.py:889} INFO - 
================================================================================
DAG File Processing Stats

File Path                              PID  Runtime      # DAGs    # Errors  Last Runtime    Last Run
-----------------------------------  -----  ---------  --------  ----------  --------------  -------------------
/opt/airflow/dags/manga_pipeline.py    237  0.02s             1           0  0.15s           2025-12-04T20:32:18
================================================================================
[2025-12-04T20:33:18.533+0000] {manager.py:889} INFO - 
================================================================================
DAG File Processing Stats

File Path                            PID    Runtime      # DAGs    # Errors  Last Runtime    Last Run
-----------------------------------  -----  ---------  --------  ----------  --------------  -------------------
/opt/airflow/dags/manga_pipeline.py                           1           0  0.33s           2025-12-04T20:32:48
================================================================================
[2025-12-04T20:33:49.301+0000] {manager.py:889} INFO - 
================================================================================
DAG File Processing Stats

File Path                              PID  Runtime      # DAGs    # Errors  Last Runtime    Last Run
-----------------------------------  -----  ---------  --------  ----------  --------------  -------------------
/opt/airflow/dags/manga_pipeline.py    247  0.02s             1           0  0.19s           2025-12-04T20:33:19
================================================================================
[2025-12-04T20:34:20.092+0000] {manager.py:889} INFO - 
================================================================================
DAG File Processing Stats

File Path                              PID  Runtime      # DAGs    # Errors  Last Runtime    Last Run
-----------------------------------  -----  ---------  --------  ----------  --------------  -------------------
/opt/airflow/dags/manga_pipeline.py    252  0.06s             1           0  0.17s           2025-12-04T20:33:49
================================================================================
[2025-12-04T20:34:51.133+0000] {manager.py:889} INFO - 
================================================================================
DAG File Processing Stats

File Path                              PID  Runtime      # DAGs    # Errors  Last Runtime    Last Run
-----------------------------------  -----  ---------  --------  ----------  --------------  -------------------
/opt/airflow/dags/manga_pipeline.py    257  0.02s             1           0  0.41s           2025-12-04T20:34:20
================================================================================
[2025-12-04T20:35:21.626+0000] {manager.py:889} INFO - 
================================================================================
DAG File Processing Stats

File Path                              PID  Runtime      # DAGs    # Errors  Last Runtime    Last Run
-----------------------------------  -----  ---------  --------  ----------  --------------  -------------------
/opt/airflow/dags/manga_pipeline.py    262  0.01s             1           0  0.19s           2025-12-04T20:34:51
================================================================================
[2025-12-04T20:35:52.094+0000] {manager.py:889} INFO - 
================================================================================
DAG File Processing Stats

File Path                              PID  Runtime      # DAGs    # Errors  Last Runtime    Last Run
-----------------------------------  -----  ---------  --------  ----------  --------------  -------------------
/opt/airflow/dags/manga_pipeline.py    267  0.02s             1           0  0.19s           2025-12-04T20:35:21
================================================================================
[2025-12-04T20:36:22.551+0000] {manager.py:889} INFO - 
================================================================================
DAG File Processing Stats

File Path                              PID  Runtime      # DAGs    # Errors  Last Runtime    Last Run
-----------------------------------  -----  ---------  --------  ----------  --------------  -------------------
/opt/airflow/dags/manga_pipeline.py    272  0.02s             1           0  0.19s           2025-12-04T20:35:52
================================================================================
[2025-12-04T20:36:53.008+0000] {manager.py:889} INFO - 
================================================================================
DAG File Processing Stats

File Path                              PID  Runtime      # DAGs    # Errors  Last Runtime    Last Run
-----------------------------------  -----  ---------  --------  ----------  --------------  -------------------
/opt/airflow/dags/manga_pipeline.py    277  0.02s             1           0  0.18s           2025-12-04T20:36:22
================================================================================
[2025-12-04T20:37:23.300+0000] {manager.py:889} INFO - 
================================================================================
DAG File Processing Stats

File Path                              PID  Runtime      # DAGs    # Errors  Last Runtime    Last Run
-----------------------------------  -----  ---------  --------  ----------  --------------  -------------------
/opt/airflow/dags/manga_pipeline.py    282  0.02s             1           0  0.16s           2025-12-04T20:36:53
================================================================================
[2025-12-04T20:37:44.694+0000] {manager.py:758} INFO - Searching for files in /opt/airflow/dags
[2025-12-04T20:37:44.705+0000] {manager.py:761} INFO - There are 1 files in /opt/airflow/dags
[2025-12-04T20:37:53.932+0000] {manager.py:889} INFO - 
================================================================================
DAG File Processing Stats

File Path                              PID  Runtime      # DAGs    # Errors  Last Runtime    Last Run
-----------------------------------  -----  ---------  --------  ----------  --------------  -------------------
/opt/airflow/dags/manga_pipeline.py    295  0.04s             1           0  0.17s           2025-12-04T20:37:23
================================================================================
[2025-12-04T20:38:24.325+0000] {manager.py:889} INFO - 
================================================================================
DAG File Processing Stats

File Path                              PID  Runtime      # DAGs    # Errors  Last Runtime    Last Run
-----------------------------------  -----  ---------  --------  ----------  --------------  -------------------
/opt/airflow/dags/manga_pipeline.py    300  0.02s             1           0  0.28s           2025-12-04T20:37:54
================================================================================
[2025-12-04T20:38:54.931+0000] {manager.py:889} INFO - 
================================================================================
DAG File Processing Stats

File Path                              PID  Runtime      # DAGs    # Errors  Last Runtime    Last Run
-----------------------------------  -----  ---------  --------  ----------  --------------  -------------------
/opt/airflow/dags/manga_pipeline.py    305  0.02s             1           0  0.16s           2025-12-04T20:38:24
================================================================================
[2025-12-04T20:39:25.763+0000] {manager.py:889} INFO - 
================================================================================
DAG File Processing Stats

File Path                              PID  Runtime      # DAGs    # Errors  Last Runtime    Last Run
-----------------------------------  -----  ---------  --------  ----------  --------------  -------------------
/opt/airflow/dags/manga_pipeline.py    310  0.05s             1           0  0.18s           2025-12-04T20:38:55
================================================================================
[2025-12-04T20:39:56.143+0000] {manager.py:889} INFO - 
================================================================================
DAG File Processing Stats

File Path                              PID  Runtime      # DAGs    # Errors  Last Runtime    Last Run
-----------------------------------  -----  ---------  --------  ----------  --------------  -------------------
/opt/airflow/dags/manga_pipeline.py    315  0.02s             1           0  0.31s           2025-12-04T20:39:26
================================================================================
[2025-12-04T20:40:26.487+0000] {manager.py:889} INFO - 
================================================================================
DAG File Processing Stats

File Path                              PID  Runtime      # DAGs    # Errors  Last Runtime    Last Run
-----------------------------------  -----  ---------  --------  ----------  --------------  -------------------
/opt/airflow/dags/manga_pipeline.py    320  0.02s             1           0  0.19s           2025-12-04T20:39:56
================================================================================
[2025-12-04T20:40:49.898+0000] {manager.py:470} INFO - Exiting gracefully upon receiving signal 15
[2025-12-04T20:42:45.462+0000] {manager.py:487} INFO - Processing files using up to 2 processes at a time 
[2025-12-04T20:42:45.463+0000] {manager.py:488} INFO - Process each file at most once every 30 seconds
[2025-12-04T20:42:45.463+0000] {manager.py:489} INFO - Checking for new files in /opt/airflow/dags every 300 seconds
[2025-12-04T20:42:45.464+0000] {manager.py:759} INFO - Searching for files in /opt/airflow/dags
[2025-12-04T20:42:45.468+0000] {manager.py:762} INFO - There are 1 files in /opt/airflow/dags
[2025-12-04T20:42:46.043+0000] {manager.py:893} INFO - 
================================================================================
DAG File Processing Stats

File Path                              PID  Runtime      # DAGs    # Errors  Last Runtime    Last Run
-----------------------------------  -----  ---------  --------  ----------  --------------  ----------
/opt/airflow/dags/manga_pipeline.py    164  0.32s             0           0
================================================================================
[2025-12-04T20:43:16.371+0000] {manager.py:893} INFO - 
================================================================================
DAG File Processing Stats

File Path                            PID    Runtime      # DAGs    # Errors  Last Runtime    Last Run
-----------------------------------  -----  ---------  --------  ----------  --------------  -------------------
/opt/airflow/dags/manga_pipeline.py                           1           0  0.98s           2025-12-04T20:42:46
================================================================================
[2025-12-04T20:43:47.071+0000] {manager.py:893} INFO - 
================================================================================
DAG File Processing Stats

File Path                            PID    Runtime      # DAGs    # Errors  Last Runtime    Last Run
-----------------------------------  -----  ---------  --------  ----------  --------------  -------------------
/opt/airflow/dags/manga_pipeline.py                           1           0  1.20s           2025-12-04T20:43:18
================================================================================
[2025-12-04T20:44:17.586+0000] {manager.py:893} INFO - 
================================================================================
DAG File Processing Stats

File Path                            PID    Runtime      # DAGs    # Errors  Last Runtime    Last Run
-----------------------------------  -----  ---------  --------  ----------  --------------  -------------------
/opt/airflow/dags/manga_pipeline.py                           1           0  1.39s           2025-12-04T20:43:50
================================================================================
[2025-12-04T20:44:48.179+0000] {manager.py:893} INFO - 
================================================================================
DAG File Processing Stats

File Path                            PID    Runtime      # DAGs    # Errors  Last Runtime    Last Run
-----------------------------------  -----  ---------  --------  ----------  --------------  -------------------
/opt/airflow/dags/manga_pipeline.py                           1           0  0.10s           2025-12-04T20:44:20
================================================================================
[2025-12-04T20:45:18.693+0000] {manager.py:893} INFO - 
================================================================================
DAG File Processing Stats

File Path                            PID    Runtime      # DAGs    # Errors  Last Runtime    Last Run
-----------------------------------  -----  ---------  --------  ----------  --------------  -------------------
/opt/airflow/dags/manga_pipeline.py                           1           0  0.20s           2025-12-04T20:44:51
================================================================================
[2025-12-04T20:45:49.180+0000] {manager.py:893} INFO - 
================================================================================
DAG File Processing Stats

File Path                            PID    Runtime      # DAGs    # Errors  Last Runtime    Last Run
-----------------------------------  -----  ---------  --------  ----------  --------------  -------------------
/opt/airflow/dags/manga_pipeline.py                           1           0  0.30s           2025-12-04T20:45:22
================================================================================
[2025-12-04T20:46:19.782+0000] {manager.py:893} INFO - 
================================================================================
DAG File Processing Stats

File Path                            PID    Runtime      # DAGs    # Errors  Last Runtime    Last Run
-----------------------------------  -----  ---------  --------  ----------  --------------  -------------------
/opt/airflow/dags/manga_pipeline.py                           1           0  0.28s           2025-12-04T20:45:52
================================================================================
[2025-12-04T20:46:50.419+0000] {manager.py:893} INFO - 
================================================================================
DAG File Processing Stats

File Path                            PID    Runtime      # DAGs    # Errors  Last Runtime    Last Run
-----------------------------------  -----  ---------  --------  ----------  --------------  -------------------
/opt/airflow/dags/manga_pipeline.py                           1           0  0.21s           2025-12-04T20:46:23
================================================================================
[2025-12-04T20:47:20.856+0000] {manager.py:893} INFO - 
================================================================================
DAG File Processing Stats

File Path                            PID    Runtime      # DAGs    # Errors  Last Runtime    Last Run
-----------------------------------  -----  ---------  --------  ----------  --------------  -------------------
/opt/airflow/dags/manga_pipeline.py                           1           0  0.21s           2025-12-04T20:46:53
================================================================================
[2025-12-04T20:47:46.266+0000] {manager.py:759} INFO - Searching for files in /opt/airflow/dags
[2025-12-04T20:47:46.283+0000] {manager.py:762} INFO - There are 1 files in /opt/airflow/dags
[2025-12-04T20:47:51.719+0000] {manager.py:893} INFO - 
================================================================================
DAG File Processing Stats

File Path                            PID    Runtime      # DAGs    # Errors  Last Runtime    Last Run
-----------------------------------  -----  ---------  --------  ----------  --------------  -------------------
/opt/airflow/dags/manga_pipeline.py                           1           0  0.21s           2025-12-04T20:47:24
================================================================================
[2025-12-04T20:48:21.903+0000] {manager.py:893} INFO - 
================================================================================
DAG File Processing Stats

File Path                            PID    Runtime      # DAGs    # Errors  Last Runtime    Last Run
-----------------------------------  -----  ---------  --------  ----------  --------------  -------------------
/opt/airflow/dags/manga_pipeline.py                           1           0  1.87s           2025-12-04T20:47:56
================================================================================
[2025-12-04T20:48:52.647+0000] {manager.py:893} INFO - 
================================================================================
DAG File Processing Stats

File Path                            PID    Runtime      # DAGs    # Errors  Last Runtime    Last Run
-----------------------------------  -----  ---------  --------  ----------  --------------  -------------------
/opt/airflow/dags/manga_pipeline.py                           1           0  2.01s           2025-12-04T20:48:29
================================================================================
[2025-12-04T20:49:22.686+0000] {manager.py:893} INFO - 
================================================================================
DAG File Processing Stats

File Path                            PID    Runtime      # DAGs    # Errors  Last Runtime    Last Run
-----------------------------------  -----  ---------  --------  ----------  --------------  -------------------
/opt/airflow/dags/manga_pipeline.py                           1           0  1.88s           2025-12-04T20:49:01
================================================================================
[2025-12-04T20:49:53.025+0000] {manager.py:893} INFO - 
================================================================================
DAG File Processing Stats

File Path                            PID    Runtime      # DAGs    # Errors  Last Runtime    Last Run
-----------------------------------  -----  ---------  --------  ----------  --------------  -------------------
/opt/airflow/dags/manga_pipeline.py                           1           0  0.40s           2025-12-04T20:49:32
================================================================================
[2025-12-04T20:50:23.293+0000] {manager.py:893} INFO - 
================================================================================
DAG File Processing Stats

File Path                            PID    Runtime      # DAGs    # Errors  Last Runtime    Last Run
-----------------------------------  -----  ---------  --------  ----------  --------------  -------------------
/opt/airflow/dags/manga_pipeline.py                           1           0  0.25s           2025-12-04T20:50:03
================================================================================
[2025-12-04T20:50:54.133+0000] {manager.py:893} INFO - 
================================================================================
DAG File Processing Stats

File Path                            PID    Runtime      # DAGs    # Errors  Last Runtime    Last Run
-----------------------------------  -----  ---------  --------  ----------  --------------  -------------------
/opt/airflow/dags/manga_pipeline.py                           1           0  0.26s           2025-12-04T20:50:34
================================================================================
[2025-12-04T20:51:23.465+0000] {manager.py:469} INFO - Exiting gracefully upon receiving signal 15
[2025-12-04T20:52:10.907+0000] {manager.py:487} INFO - Processing files using up to 2 processes at a time 
[2025-12-04T20:52:10.908+0000] {manager.py:488} INFO - Process each file at most once every 30 seconds
[2025-12-04T20:52:10.909+0000] {manager.py:489} INFO - Checking for new files in /opt/airflow/dags every 300 seconds
[2025-12-04T20:52:10.909+0000] {manager.py:759} INFO - Searching for files in /opt/airflow/dags
[2025-12-04T20:52:10.916+0000] {manager.py:762} INFO - There are 1 files in /opt/airflow/dags
[2025-12-04T20:52:11.283+0000] {manager.py:893} INFO - 
================================================================================
DAG File Processing Stats

File Path                              PID  Runtime      # DAGs    # Errors  Last Runtime    Last Run
-----------------------------------  -----  ---------  --------  ----------  --------------  ----------
/opt/airflow/dags/manga_pipeline.py    163  0.19s             0           0
================================================================================
[2025-12-04T20:52:41.666+0000] {manager.py:893} INFO - 
================================================================================
DAG File Processing Stats

File Path                              PID  Runtime      # DAGs    # Errors  Last Runtime    Last Run
-----------------------------------  -----  ---------  --------  ----------  --------------  -------------------
/opt/airflow/dags/manga_pipeline.py    169  0.04s             1           0  0.42s           2025-12-04T20:52:11
================================================================================
[2025-12-04T20:53:11.994+0000] {manager.py:893} INFO - 
================================================================================
DAG File Processing Stats

File Path                            PID    Runtime      # DAGs    # Errors  Last Runtime    Last Run
-----------------------------------  -----  ---------  --------  ----------  --------------  -------------------
/opt/airflow/dags/manga_pipeline.py                           1           0  0.93s           2025-12-04T20:52:42
================================================================================
[2025-12-04T20:53:42.320+0000] {manager.py:893} INFO - 
================================================================================
DAG File Processing Stats

File Path                            PID    Runtime      # DAGs    # Errors  Last Runtime    Last Run
-----------------------------------  -----  ---------  --------  ----------  --------------  -------------------
/opt/airflow/dags/manga_pipeline.py                           1           0  0.62s           2025-12-04T20:53:13
================================================================================
[2025-12-04T20:54:13.005+0000] {manager.py:893} INFO - 
================================================================================
DAG File Processing Stats

File Path                            PID    Runtime      # DAGs    # Errors  Last Runtime    Last Run
-----------------------------------  -----  ---------  --------  ----------  --------------  -------------------
/opt/airflow/dags/manga_pipeline.py                           1           0  0.43s           2025-12-04T20:53:44
================================================================================
[2025-12-04T20:54:43.157+0000] {manager.py:893} INFO - 
================================================================================
DAG File Processing Stats

File Path                            PID    Runtime      # DAGs    # Errors  Last Runtime    Last Run
-----------------------------------  -----  ---------  --------  ----------  --------------  -------------------
/opt/airflow/dags/manga_pipeline.py                           1           0  0.19s           2025-12-04T20:54:15
================================================================================
[2025-12-04T20:55:13.820+0000] {manager.py:893} INFO - 
================================================================================
DAG File Processing Stats

File Path                            PID    Runtime      # DAGs    # Errors  Last Runtime    Last Run
-----------------------------------  -----  ---------  --------  ----------  --------------  -------------------
/opt/airflow/dags/manga_pipeline.py                           1           0  0.30s           2025-12-04T20:54:46
================================================================================
[2025-12-04T20:55:44.311+0000] {manager.py:893} INFO - 
================================================================================
DAG File Processing Stats

File Path                            PID    Runtime      # DAGs    # Errors  Last Runtime    Last Run
-----------------------------------  -----  ---------  --------  ----------  --------------  -------------------
/opt/airflow/dags/manga_pipeline.py                           1           0  0.17s           2025-12-04T20:55:17
================================================================================
[2025-12-04T20:56:14.747+0000] {manager.py:893} INFO - 
================================================================================
DAG File Processing Stats

File Path                            PID    Runtime      # DAGs    # Errors  Last Runtime    Last Run
-----------------------------------  -----  ---------  --------  ----------  --------------  -------------------
/opt/airflow/dags/manga_pipeline.py                           1           0  0.30s           2025-12-04T20:55:47
================================================================================
[2025-12-04T20:56:45.509+0000] {manager.py:893} INFO - 
================================================================================
DAG File Processing Stats

File Path                            PID    Runtime      # DAGs    # Errors  Last Runtime    Last Run
-----------------------------------  -----  ---------  --------  ----------  --------------  -------------------
/opt/airflow/dags/manga_pipeline.py                           1           0  0.23s           2025-12-04T20:56:18
================================================================================
[2025-12-04T20:57:10.955+0000] {manager.py:759} INFO - Searching for files in /opt/airflow/dags
[2025-12-04T20:57:10.973+0000] {manager.py:762} INFO - There are 1 files in /opt/airflow/dags
[2025-12-04T20:57:15.304+0000] {manager.py:469} INFO - Exiting gracefully upon receiving signal 15
[2025-12-04T21:05:08.623+0000] {manager.py:487} INFO - Processing files using up to 2 processes at a time 
[2025-12-04T21:05:08.624+0000] {manager.py:488} INFO - Process each file at most once every 30 seconds
[2025-12-04T21:05:08.624+0000] {manager.py:489} INFO - Checking for new files in /opt/airflow/dags every 300 seconds
[2025-12-04T21:05:08.624+0000] {manager.py:758} INFO - Searching for files in /opt/airflow/dags
[2025-12-04T21:05:08.629+0000] {manager.py:761} INFO - There are 1 files in /opt/airflow/dags
[2025-12-04T21:05:08.862+0000] {manager.py:889} INFO - 
================================================================================
DAG File Processing Stats

File Path                              PID  Runtime      # DAGs    # Errors  Last Runtime    Last Run
-----------------------------------  -----  ---------  --------  ----------  --------------  ----------
/opt/airflow/dags/manga_pipeline.py    174  0.13s             0           0
================================================================================
[2025-12-04T21:05:39.361+0000] {manager.py:889} INFO - 
================================================================================
DAG File Processing Stats

File Path                              PID  Runtime      # DAGs    # Errors  Last Runtime    Last Run
-----------------------------------  -----  ---------  --------  ----------  --------------  -------------------
/opt/airflow/dags/manga_pipeline.py    180  0.05s             1           0  0.45s           2025-12-04T21:05:09
================================================================================
[2025-12-04T21:06:09.949+0000] {manager.py:889} INFO - 
================================================================================
DAG File Processing Stats

File Path                              PID  Runtime      # DAGs    # Errors  Last Runtime    Last Run
-----------------------------------  -----  ---------  --------  ----------  --------------  -------------------
/opt/airflow/dags/manga_pipeline.py    204  0.04s             1           0  0.21s           2025-12-04T21:05:39
================================================================================
[2025-12-04T21:06:41.103+0000] {manager.py:889} INFO - 
================================================================================
DAG File Processing Stats

File Path                              PID  Runtime      # DAGs    # Errors  Last Runtime    Last Run
-----------------------------------  -----  ---------  --------  ----------  --------------  -------------------
/opt/airflow/dags/manga_pipeline.py    209  0.07s             1           0  0.19s           2025-12-04T21:06:10
================================================================================
[2025-12-04T21:07:11.501+0000] {manager.py:889} INFO - 
================================================================================
DAG File Processing Stats

File Path                              PID  Runtime      # DAGs    # Errors  Last Runtime    Last Run
-----------------------------------  -----  ---------  --------  ----------  --------------  -------------------
/opt/airflow/dags/manga_pipeline.py    214  0.06s             1           0  0.38s           2025-12-04T21:06:41
================================================================================
[2025-12-04T21:07:42.149+0000] {manager.py:889} INFO - 
================================================================================
DAG File Processing Stats

File Path                              PID  Runtime      # DAGs    # Errors  Last Runtime    Last Run
-----------------------------------  -----  ---------  --------  ----------  --------------  -------------------
/opt/airflow/dags/manga_pipeline.py    219  0.05s             1           0  0.35s           2025-12-04T21:07:11
================================================================================
[2025-12-04T21:08:12.613+0000] {manager.py:889} INFO - 
================================================================================
DAG File Processing Stats

File Path                              PID  Runtime      # DAGs    # Errors  Last Runtime    Last Run
-----------------------------------  -----  ---------  --------  ----------  --------------  -------------------
/opt/airflow/dags/manga_pipeline.py    224  0.03s             1           0  0.21s           2025-12-04T21:07:42
================================================================================
[2025-12-04T21:08:43.133+0000] {manager.py:889} INFO - 
================================================================================
DAG File Processing Stats

File Path                              PID  Runtime      # DAGs    # Errors  Last Runtime    Last Run
-----------------------------------  -----  ---------  --------  ----------  --------------  -------------------
/opt/airflow/dags/manga_pipeline.py    229  0.04s             1           0  0.25s           2025-12-04T21:08:12
================================================================================
[2025-12-04T21:09:13.772+0000] {manager.py:889} INFO - 
================================================================================
DAG File Processing Stats

File Path                              PID  Runtime      # DAGs    # Errors  Last Runtime    Last Run
-----------------------------------  -----  ---------  --------  ----------  --------------  -------------------
/opt/airflow/dags/manga_pipeline.py    234  0.01s             1           0  0.30s           2025-12-04T21:08:43
================================================================================
[2025-12-04T21:09:44.201+0000] {manager.py:889} INFO - 
================================================================================
DAG File Processing Stats

File Path                              PID  Runtime      # DAGs    # Errors  Last Runtime    Last Run
-----------------------------------  -----  ---------  --------  ----------  --------------  -------------------
/opt/airflow/dags/manga_pipeline.py    239  0.02s             1           0  0.18s           2025-12-04T21:09:13
================================================================================
[2025-12-04T21:10:09.562+0000] {manager.py:758} INFO - Searching for files in /opt/airflow/dags
[2025-12-04T21:10:09.576+0000] {manager.py:761} INFO - There are 1 files in /opt/airflow/dags
[2025-12-04T21:10:14.733+0000] {manager.py:889} INFO - 
================================================================================
DAG File Processing Stats

File Path                              PID  Runtime      # DAGs    # Errors  Last Runtime    Last Run
-----------------------------------  -----  ---------  --------  ----------  --------------  -------------------
/opt/airflow/dags/manga_pipeline.py    244  0.04s             1           0  0.22s           2025-12-04T21:09:44
================================================================================
[2025-12-04T21:10:41.738+0000] {manager.py:470} INFO - Exiting gracefully upon receiving signal 15
[2025-12-04T21:13:55.649+0000] {manager.py:487} INFO - Processing files using up to 2 processes at a time 
[2025-12-04T21:13:55.651+0000] {manager.py:488} INFO - Process each file at most once every 30 seconds
[2025-12-04T21:13:55.651+0000] {manager.py:489} INFO - Checking for new files in /opt/airflow/dags every 300 seconds
[2025-12-04T21:13:55.652+0000] {manager.py:759} INFO - Searching for files in /opt/airflow/dags
[2025-12-04T21:13:55.659+0000] {manager.py:762} INFO - There are 1 files in /opt/airflow/dags
[2025-12-04T21:13:55.895+0000] {manager.py:893} INFO - 
================================================================================
DAG File Processing Stats

File Path                              PID  Runtime      # DAGs    # Errors  Last Runtime    Last Run
-----------------------------------  -----  ---------  --------  ----------  --------------  ----------
/opt/airflow/dags/manga_pipeline.py    165  0.06s             0           0
================================================================================
[2025-12-04T21:14:26.242+0000] {manager.py:893} INFO - 
================================================================================
DAG File Processing Stats

File Path                            PID    Runtime      # DAGs    # Errors  Last Runtime    Last Run
-----------------------------------  -----  ---------  --------  ----------  --------------  -------------------
/opt/airflow/dags/manga_pipeline.py                           1           0  0.48s           2025-12-04T21:13:56
================================================================================
[2025-12-04T21:14:56.738+0000] {manager.py:893} INFO - 
================================================================================
DAG File Processing Stats

File Path                            PID    Runtime      # DAGs    # Errors  Last Runtime    Last Run
-----------------------------------  -----  ---------  --------  ----------  --------------  -------------------
/opt/airflow/dags/manga_pipeline.py                           1           0  0.44s           2025-12-04T21:14:27
================================================================================
[2025-12-04T21:15:10.600+0000] {manager.py:469} INFO - Exiting gracefully upon receiving signal 15
[2025-12-04T21:15:40.987+0000] {manager.py:487} INFO - Processing files using up to 2 processes at a time 
[2025-12-04T21:15:40.987+0000] {manager.py:488} INFO - Process each file at most once every 30 seconds
[2025-12-04T21:15:40.988+0000] {manager.py:489} INFO - Checking for new files in /opt/airflow/dags every 300 seconds
[2025-12-04T21:15:40.988+0000] {manager.py:759} INFO - Searching for files in /opt/airflow/dags
[2025-12-04T21:15:40.992+0000] {manager.py:762} INFO - There are 1 files in /opt/airflow/dags
[2025-12-04T21:15:41.212+0000] {manager.py:893} INFO - 
================================================================================
DAG File Processing Stats

File Path                              PID  Runtime      # DAGs    # Errors  Last Runtime    Last Run
-----------------------------------  -----  ---------  --------  ----------  --------------  ----------
/opt/airflow/dags/manga_pipeline.py    167  0.06s             0           0
================================================================================
[2025-12-04T21:16:11.810+0000] {manager.py:893} INFO - 
================================================================================
DAG File Processing Stats

File Path                              PID  Runtime      # DAGs    # Errors  Last Runtime    Last Run
-----------------------------------  -----  ---------  --------  ----------  --------------  -------------------
/opt/airflow/dags/manga_pipeline.py    172  0.03s             1           0  0.18s           2025-12-04T21:15:41
================================================================================
[2025-12-04T21:16:42.475+0000] {manager.py:893} INFO - 
================================================================================
DAG File Processing Stats

File Path                              PID  Runtime      # DAGs    # Errors  Last Runtime    Last Run
-----------------------------------  -----  ---------  --------  ----------  --------------  -------------------
/opt/airflow/dags/manga_pipeline.py    184  0.01s             1           0  0.55s           2025-12-04T21:16:12
================================================================================
[2025-12-04T21:17:13.084+0000] {manager.py:893} INFO - 
================================================================================
DAG File Processing Stats

File Path                              PID  Runtime      # DAGs    # Errors  Last Runtime    Last Run
-----------------------------------  -----  ---------  --------  ----------  --------------  -------------------
/opt/airflow/dags/manga_pipeline.py    189  0.04s             1           0  0.15s           2025-12-04T21:16:42
================================================================================
[2025-12-04T21:17:43.920+0000] {manager.py:893} INFO - 
================================================================================
DAG File Processing Stats

File Path                              PID  Runtime      # DAGs    # Errors  Last Runtime    Last Run
-----------------------------------  -----  ---------  --------  ----------  --------------  -------------------
/opt/airflow/dags/manga_pipeline.py    194  0.03s             1           0  0.23s           2025-12-04T21:17:13
================================================================================
[2025-12-04T21:18:14.313+0000] {manager.py:893} INFO - 
================================================================================
DAG File Processing Stats

File Path                              PID  Runtime      # DAGs    # Errors  Last Runtime    Last Run
-----------------------------------  -----  ---------  --------  ----------  --------------  -------------------
/opt/airflow/dags/manga_pipeline.py    199  0.01s             1           0  0.20s           2025-12-04T21:17:44
================================================================================
[2025-12-04T21:18:44.769+0000] {manager.py:893} INFO - 
================================================================================
DAG File Processing Stats

File Path                              PID  Runtime      # DAGs    # Errors  Last Runtime    Last Run
-----------------------------------  -----  ---------  --------  ----------  --------------  -------------------
/opt/airflow/dags/manga_pipeline.py    204  0.02s             1           0  0.11s           2025-12-04T21:18:14
================================================================================
[2025-12-04T21:19:15.280+0000] {manager.py:893} INFO - 
================================================================================
DAG File Processing Stats

File Path                              PID  Runtime      # DAGs    # Errors  Last Runtime    Last Run
-----------------------------------  -----  ---------  --------  ----------  --------------  -------------------
/opt/airflow/dags/manga_pipeline.py    209  0.01s             1           0  0.17s           2025-12-04T21:18:44
================================================================================
[2025-12-04T21:19:45.965+0000] {manager.py:893} INFO - 
================================================================================
DAG File Processing Stats

File Path                              PID  Runtime      # DAGs    # Errors  Last Runtime    Last Run
-----------------------------------  -----  ---------  --------  ----------  --------------  -------------------
/opt/airflow/dags/manga_pipeline.py    214  0.01s             1           0  0.13s           2025-12-04T21:19:15
================================================================================
[2025-12-04T21:20:16.346+0000] {manager.py:893} INFO - 
================================================================================
DAG File Processing Stats

File Path                              PID  Runtime      # DAGs    # Errors  Last Runtime    Last Run
-----------------------------------  -----  ---------  --------  ----------  --------------  -------------------
/opt/airflow/dags/manga_pipeline.py    219  0.02s             1           0  0.15s           2025-12-04T21:19:46
================================================================================
[2025-12-04T21:20:41.628+0000] {manager.py:759} INFO - Searching for files in /opt/airflow/dags
[2025-12-04T21:20:41.635+0000] {manager.py:762} INFO - There are 1 files in /opt/airflow/dags
[2025-12-04T21:20:46.744+0000] {manager.py:893} INFO - 
================================================================================
DAG File Processing Stats

File Path                              PID  Runtime      # DAGs    # Errors  Last Runtime    Last Run
-----------------------------------  -----  ---------  --------  ----------  --------------  -------------------
/opt/airflow/dags/manga_pipeline.py    224  0.01s             1           0  0.15s           2025-12-04T21:20:16
================================================================================
[2025-12-04T21:21:17.183+0000] {manager.py:893} INFO - 
================================================================================
DAG File Processing Stats

File Path                              PID  Runtime      # DAGs    # Errors  Last Runtime    Last Run
-----------------------------------  -----  ---------  --------  ----------  --------------  -------------------
/opt/airflow/dags/manga_pipeline.py    229  0.01s             1           0  0.13s           2025-12-04T21:20:46
================================================================================
[2025-12-04T21:21:48.009+0000] {manager.py:893} INFO - 
================================================================================
DAG File Processing Stats

File Path                              PID  Runtime      # DAGs    # Errors  Last Runtime    Last Run
-----------------------------------  -----  ---------  --------  ----------  --------------  -------------------
/opt/airflow/dags/manga_pipeline.py    234  0.02s             1           0  0.22s           2025-12-04T21:21:17
================================================================================
[2025-12-04T21:22:18.410+0000] {manager.py:893} INFO - 
================================================================================
DAG File Processing Stats

File Path                              PID  Runtime      # DAGs    # Errors  Last Runtime    Last Run
-----------------------------------  -----  ---------  --------  ----------  --------------  -------------------
/opt/airflow/dags/manga_pipeline.py    251  0.02s             1           0  0.15s           2025-12-04T21:21:48
================================================================================
[2025-12-04T21:22:48.822+0000] {manager.py:893} INFO - 
================================================================================
DAG File Processing Stats

File Path                              PID  Runtime      # DAGs    # Errors  Last Runtime    Last Run
-----------------------------------  -----  ---------  --------  ----------  --------------  -------------------
/opt/airflow/dags/manga_pipeline.py    256  0.03s             1           0  0.18s           2025-12-04T21:22:18
================================================================================
[2025-12-04T21:23:19.346+0000] {manager.py:893} INFO - 
================================================================================
DAG File Processing Stats

File Path                              PID  Runtime      # DAGs    # Errors  Last Runtime    Last Run
-----------------------------------  -----  ---------  --------  ----------  --------------  -------------------
/opt/airflow/dags/manga_pipeline.py    261  0.06s             1           0  0.18s           2025-12-04T21:22:48
================================================================================
[2025-12-04T21:23:49.779+0000] {manager.py:893} INFO - 
================================================================================
DAG File Processing Stats

File Path                              PID  Runtime      # DAGs    # Errors  Last Runtime    Last Run
-----------------------------------  -----  ---------  --------  ----------  --------------  -------------------
/opt/airflow/dags/manga_pipeline.py    266  0.04s             1           0  0.36s           2025-12-04T21:23:19
================================================================================
[2025-12-04T21:24:20.274+0000] {manager.py:893} INFO - 
================================================================================
DAG File Processing Stats

File Path                              PID  Runtime      # DAGs    # Errors  Last Runtime    Last Run
-----------------------------------  -----  ---------  --------  ----------  --------------  -------------------
/opt/airflow/dags/manga_pipeline.py    271  0.02s             1           0  0.25s           2025-12-04T21:23:49
================================================================================
[2025-12-04T21:24:50.855+0000] {manager.py:893} INFO - 
================================================================================
DAG File Processing Stats

File Path                              PID  Runtime      # DAGs    # Errors  Last Runtime    Last Run
-----------------------------------  -----  ---------  --------  ----------  --------------  -------------------
/opt/airflow/dags/manga_pipeline.py    276  0.02s             1           0  0.16s           2025-12-04T21:24:20
================================================================================
[2025-12-04T21:25:21.301+0000] {manager.py:893} INFO - 
================================================================================
DAG File Processing Stats

File Path                              PID  Runtime      # DAGs    # Errors  Last Runtime    Last Run
-----------------------------------  -----  ---------  --------  ----------  --------------  -------------------
/opt/airflow/dags/manga_pipeline.py    281  0.02s             1           0  0.19s           2025-12-04T21:24:51
================================================================================
[2025-12-04T21:25:42.539+0000] {manager.py:759} INFO - Searching for files in /opt/airflow/dags
[2025-12-04T21:25:42.549+0000] {manager.py:762} INFO - There are 1 files in /opt/airflow/dags
[2025-12-04T21:25:51.968+0000] {manager.py:893} INFO - 
================================================================================
DAG File Processing Stats

File Path                              PID  Runtime      # DAGs    # Errors  Last Runtime    Last Run
-----------------------------------  -----  ---------  --------  ----------  --------------  -------------------
/opt/airflow/dags/manga_pipeline.py    286  0.04s             1           0  0.18s           2025-12-04T21:25:21
================================================================================
[2025-12-04T21:26:22.674+0000] {manager.py:893} INFO - 
================================================================================
DAG File Processing Stats

File Path                              PID  Runtime      # DAGs    # Errors  Last Runtime    Last Run
-----------------------------------  -----  ---------  --------  ----------  --------------  -------------------
/opt/airflow/dags/manga_pipeline.py    291  0.05s             1           0  0.26s           2025-12-04T21:25:52
================================================================================
