[2025-12-04T20:53:08.244+0000] {taskinstance.py:1157} INFO - Dependencies all met for dep_context=non-requeueable deps ti=<TaskInstance: manga_final.check_files manual__2025-12-04T20:53:04.278262+00:00 [queued]>
[2025-12-04T20:53:08.250+0000] {taskinstance.py:1157} INFO - Dependencies all met for dep_context=requeueable deps ti=<TaskInstance: manga_final.check_files manual__2025-12-04T20:53:04.278262+00:00 [queued]>
[2025-12-04T20:53:08.250+0000] {taskinstance.py:1359} INFO - Starting attempt 1 of 1
[2025-12-04T20:53:08.260+0000] {taskinstance.py:1380} INFO - Executing <Task(PythonOperator): check_files> on 2025-12-04 20:53:04.278262+00:00
[2025-12-04T20:53:08.265+0000] {standard_task_runner.py:57} INFO - Started process 177 to run task
[2025-12-04T20:53:08.268+0000] {standard_task_runner.py:84} INFO - Running: ['***', 'tasks', 'run', 'manga_final', 'check_files', 'manual__2025-12-04T20:53:04.278262+00:00', '--job-id', '8', '--raw', '--subdir', 'DAGS_FOLDER/manga_pipeline.py', '--cfg-path', '/tmp/tmpydfiu9qm']
[2025-12-04T20:53:08.271+0000] {standard_task_runner.py:85} INFO - Job 8: Subtask check_files
[2025-12-04T20:53:08.282+0000] {logging_mixin.py:151} WARNING - /home/***/.local/lib/python3.10/site-packages/***/settings.py:195 DeprecationWarning: The sql_alchemy_conn option in [core] has been moved to the sql_alchemy_conn option in [database] - the old setting has been used, but please update your config.
[2025-12-04T20:53:08.305+0000] {task_command.py:415} INFO - Running <TaskInstance: manga_final.check_files manual__2025-12-04T20:53:04.278262+00:00 [running]> on host 9409c3a5e4a0
[2025-12-04T20:53:08.361+0000] {taskinstance.py:1660} INFO - Exporting env vars: AIRFLOW_CTX_DAG_OWNER='***' AIRFLOW_CTX_DAG_ID='manga_final' AIRFLOW_CTX_TASK_ID='check_files' AIRFLOW_CTX_EXECUTION_DATE='2025-12-04T20:53:04.278262+00:00' AIRFLOW_CTX_TRY_NUMBER='1' AIRFLOW_CTX_DAG_RUN_ID='manual__2025-12-04T20:53:04.278262+00:00'
[2025-12-04T20:53:08.362+0000] {logging_mixin.py:151} INFO - ============================================================
[2025-12-04T20:53:08.363+0000] {logging_mixin.py:151} INFO - TASK 2: Проверка файлов проекта
[2025-12-04T20:53:08.363+0000] {logging_mixin.py:151} INFO - ============================================================
[2025-12-04T20:53:08.364+0000] {logging_mixin.py:151} INFO - ✅ scraper.py: 7650 байт
[2025-12-04T20:53:08.364+0000] {logging_mixin.py:151} INFO - ✅ cleaner.py: 4531 байт
[2025-12-04T20:53:08.364+0000] {logging_mixin.py:151} INFO - ✅ loader.py: 1781 байт
[2025-12-04T20:53:08.365+0000] {python.py:194} INFO - Done. Returned value was: files_checked
[2025-12-04T20:53:08.378+0000] {taskinstance.py:1398} INFO - Marking task as SUCCESS. dag_id=manga_final, task_id=check_files, execution_date=20251204T205304, start_date=20251204T205308, end_date=20251204T205308
[2025-12-04T20:53:08.411+0000] {local_task_job_runner.py:228} INFO - Task exited with return code 0
[2025-12-04T20:53:08.430+0000] {taskinstance.py:2776} INFO - 1 downstream tasks scheduled from follow-on schedule check
