[2025-12-04T20:53:09.275+0000] {taskinstance.py:1157} INFO - Dependencies all met for dep_context=non-requeueable deps ti=<TaskInstance: manga_final.run_pipeline manual__2025-12-04T20:53:04.278262+00:00 [queued]>
[2025-12-04T20:53:09.280+0000] {taskinstance.py:1157} INFO - Dependencies all met for dep_context=requeueable deps ti=<TaskInstance: manga_final.run_pipeline manual__2025-12-04T20:53:04.278262+00:00 [queued]>
[2025-12-04T20:53:09.281+0000] {taskinstance.py:1359} INFO - Starting attempt 1 of 1
[2025-12-04T20:53:09.289+0000] {taskinstance.py:1380} INFO - Executing <Task(PythonOperator): run_pipeline> on 2025-12-04 20:53:04.278262+00:00
[2025-12-04T20:53:09.293+0000] {standard_task_runner.py:57} INFO - Started process 179 to run task
[2025-12-04T20:53:09.299+0000] {standard_task_runner.py:84} INFO - Running: ['***', 'tasks', 'run', 'manga_final', 'run_pipeline', 'manual__2025-12-04T20:53:04.278262+00:00', '--job-id', '9', '--raw', '--subdir', 'DAGS_FOLDER/manga_pipeline.py', '--cfg-path', '/tmp/tmpm6e6i0iq']
[2025-12-04T20:53:09.306+0000] {standard_task_runner.py:85} INFO - Job 9: Subtask run_pipeline
[2025-12-04T20:53:09.318+0000] {logging_mixin.py:151} WARNING - /home/***/.local/lib/python3.10/site-packages/***/settings.py:195 DeprecationWarning: The sql_alchemy_conn option in [core] has been moved to the sql_alchemy_conn option in [database] - the old setting has been used, but please update your config.
[2025-12-04T20:53:09.356+0000] {task_command.py:415} INFO - Running <TaskInstance: manga_final.run_pipeline manual__2025-12-04T20:53:04.278262+00:00 [running]> on host 9409c3a5e4a0
[2025-12-04T20:53:09.413+0000] {taskinstance.py:1660} INFO - Exporting env vars: AIRFLOW_CTX_DAG_OWNER='***' AIRFLOW_CTX_DAG_ID='manga_final' AIRFLOW_CTX_TASK_ID='run_pipeline' AIRFLOW_CTX_EXECUTION_DATE='2025-12-04T20:53:04.278262+00:00' AIRFLOW_CTX_TRY_NUMBER='1' AIRFLOW_CTX_DAG_RUN_ID='manual__2025-12-04T20:53:04.278262+00:00'
[2025-12-04T20:53:09.414+0000] {logging_mixin.py:151} INFO - ============================================================
[2025-12-04T20:53:09.414+0000] {logging_mixin.py:151} INFO - TASK 3: Запуск пайплайна
[2025-12-04T20:53:09.414+0000] {logging_mixin.py:151} INFO - ============================================================
[2025-12-04T20:53:09.415+0000] {logging_mixin.py:151} INFO - ▶️  Скрапинг...
[2025-12-04T20:53:09.526+0000] {taskinstance.py:1935} ERROR - Task failed with exception
Traceback (most recent call last):
  File "/home/airflow/.local/lib/python3.10/site-packages/airflow/operators/python.py", line 192, in execute
    return_value = self.execute_callable()
  File "/home/airflow/.local/lib/python3.10/site-packages/airflow/operators/python.py", line 209, in execute_callable
    return self.python_callable(*self.op_args, **self.op_kwargs)
  File "/opt/airflow/dags/manga_pipeline.py", line 54, in task3
    subprocess.run(
  File "/usr/local/lib/python3.10/subprocess.py", line 526, in run
    raise CalledProcessError(retcode, process.args,
subprocess.CalledProcessError: Command '['python', '/opt/airflow/src/scraper.py']' returned non-zero exit status 1.
[2025-12-04T20:53:09.535+0000] {taskinstance.py:1398} INFO - Marking task as FAILED. dag_id=manga_final, task_id=run_pipeline, execution_date=20251204T205304, start_date=20251204T205309, end_date=20251204T205309
[2025-12-04T20:53:09.543+0000] {standard_task_runner.py:104} ERROR - Failed to execute job 9 for task run_pipeline (Command '['python', '/opt/airflow/src/scraper.py']' returned non-zero exit status 1.; 179)
[2025-12-04T20:53:09.561+0000] {local_task_job_runner.py:228} INFO - Task exited with return code 1
[2025-12-04T20:53:09.577+0000] {taskinstance.py:2776} INFO - 0 downstream tasks scheduled from follow-on schedule check
