[2025-12-04T20:06:23.964+0000] {taskinstance.py:1103} INFO - Dependencies all met for dep_context=non-requeueable deps ti=<TaskInstance: manga_final.run_pipeline manual__2025-12-04T20:06:18.828081+00:00 [queued]>
[2025-12-04T20:06:23.971+0000] {taskinstance.py:1103} INFO - Dependencies all met for dep_context=requeueable deps ti=<TaskInstance: manga_final.run_pipeline manual__2025-12-04T20:06:18.828081+00:00 [queued]>
[2025-12-04T20:06:23.971+0000] {taskinstance.py:1308} INFO - Starting attempt 1 of 1
[2025-12-04T20:06:23.982+0000] {taskinstance.py:1327} INFO - Executing <Task(PythonOperator): run_pipeline> on 2025-12-04 20:06:18.828081+00:00
[2025-12-04T20:06:23.985+0000] {standard_task_runner.py:57} INFO - Started process 188 to run task
[2025-12-04T20:06:23.990+0000] {standard_task_runner.py:84} INFO - Running: ['***', 'tasks', 'run', 'manga_final', 'run_pipeline', 'manual__2025-12-04T20:06:18.828081+00:00', '--job-id', '4', '--raw', '--subdir', 'DAGS_FOLDER/manga_pipeline.py', '--cfg-path', '/tmp/tmpq1d7ijkz']
[2025-12-04T20:06:23.992+0000] {standard_task_runner.py:85} INFO - Job 4: Subtask run_pipeline
[2025-12-04T20:06:24.002+0000] {logging_mixin.py:150} WARNING - /home/***/.local/lib/python3.7/site-packages/***/settings.py:195 DeprecationWarning: The sql_alchemy_conn option in [core] has been moved to the sql_alchemy_conn option in [database] - the old setting has been used, but please update your config.
[2025-12-04T20:06:24.030+0000] {task_command.py:410} INFO - Running <TaskInstance: manga_final.run_pipeline manual__2025-12-04T20:06:18.828081+00:00 [running]> on host 36f0673e8612
[2025-12-04T20:06:24.088+0000] {taskinstance.py:1547} INFO - Exporting env vars: AIRFLOW_CTX_DAG_OWNER='***' AIRFLOW_CTX_DAG_ID='manga_final' AIRFLOW_CTX_TASK_ID='run_pipeline' AIRFLOW_CTX_EXECUTION_DATE='2025-12-04T20:06:18.828081+00:00' AIRFLOW_CTX_TRY_NUMBER='1' AIRFLOW_CTX_DAG_RUN_ID='manual__2025-12-04T20:06:18.828081+00:00'
[2025-12-04T20:06:24.089+0000] {logging_mixin.py:150} INFO - ============================================================
[2025-12-04T20:06:24.089+0000] {logging_mixin.py:150} INFO - TASK 3: Запуск пайплайна
[2025-12-04T20:06:24.089+0000] {logging_mixin.py:150} INFO - ============================================================
[2025-12-04T20:06:24.089+0000] {logging_mixin.py:150} INFO - ▶️  Скрапинг...
[2025-12-04T20:06:24.206+0000] {logging_mixin.py:150} INFO - ▶️  Очистка...
[2025-12-04T20:06:25.939+0000] {logging_mixin.py:150} INFO - ▶️  Загрузка в БД...
[2025-12-04T20:06:26.079+0000] {python.py:183} INFO - Done. Returned value was: pipeline_executed
[2025-12-04T20:06:26.116+0000] {taskinstance.py:1350} INFO - Marking task as SUCCESS. dag_id=manga_final, task_id=run_pipeline, execution_date=20251204T200618, start_date=20251204T200623, end_date=20251204T200626
[2025-12-04T20:06:26.155+0000] {local_task_job_runner.py:225} INFO - Task exited with return code 0
[2025-12-04T20:06:26.187+0000] {taskinstance.py:2653} INFO - 1 downstream tasks scheduled from follow-on schedule check
